<?xml version="1.0" encoding="UTF-8"?>
<testng-results ignored="0" total="2" passed="2" failed="0" skipped="0">
  <reporter-output>
  </reporter-output>
  <suite started-at="2024-12-12T13:12:36 IST" name="Suite" finished-at="2024-12-12T13:12:59 IST" duration-ms="23109">
    <groups>
      <group name="regression">
        <method signature="TC001_AccountRegistrationTest.verify_account_registration()[pri:0, instance:testCases.TC001_AccountRegistrationTest@78f5c518]" name="verify_account_registration" class="testCases.TC001_AccountRegistrationTest"/>
      </group> <!-- regression -->
      <group name="sanity">
        <method signature="TC002_AccountLoginTest.verify_account_login()[pri:0, instance:testCases.TC002_AccountLoginTest@44e3a2b2]" name="verify_account_login" class="testCases.TC002_AccountLoginTest"/>
      </group> <!-- sanity -->
      <group name="master">
        <method signature="TC001_AccountRegistrationTest.verify_account_registration()[pri:0, instance:testCases.TC001_AccountRegistrationTest@78f5c518]" name="verify_account_registration" class="testCases.TC001_AccountRegistrationTest"/>
        <method signature="TC002_AccountLoginTest.verify_account_login()[pri:0, instance:testCases.TC002_AccountLoginTest@44e3a2b2]" name="verify_account_login" class="testCases.TC002_AccountLoginTest"/>
      </group> <!-- master -->
    </groups>
    <test started-at="2024-12-12T13:12:36 IST" name="Test" finished-at="2024-12-12T13:12:59 IST" duration-ms="23109">
      <class name="testCases.TC001_AccountRegistrationTest">
        <test-method is-config="true" signature="setup(java.lang.String,java.lang.String)[pri:0, instance:testCases.TC001_AccountRegistrationTest@78f5c518]" started-at="2024-12-12T13:12:36 IST" name="setup" finished-at="2024-12-12T13:12:46 IST" duration-ms="10258" status="PASS">
          <params>
            <param index="0">
              <value>
                <![CDATA[Windows]]>
              </value>
            </param>
            <param index="1">
              <value>
                <![CDATA[chrome]]>
              </value>
            </param>
          </params>
          <reporter-output>
          </reporter-output>
        </test-method> <!-- setup -->
        <test-method signature="verify_account_registration()[pri:0, instance:testCases.TC001_AccountRegistrationTest@78f5c518]" started-at="2024-12-12T13:12:46 IST" name="verify_account_registration" finished-at="2024-12-12T13:12:50 IST" duration-ms="3719" status="PASS">
          <reporter-output>
          </reporter-output>
        </test-method> <!-- verify_account_registration -->
        <test-method is-config="true" signature="tearDown()[pri:0, instance:testCases.TC001_AccountRegistrationTest@78f5c518]" started-at="2024-12-12T13:12:50 IST" name="tearDown" finished-at="2024-12-12T13:12:51 IST" duration-ms="392" status="PASS">
          <reporter-output>
          </reporter-output>
        </test-method> <!-- tearDown -->
      </class> <!-- testCases.TC001_AccountRegistrationTest -->
      <class name="testCases.TC002_AccountLoginTest">
        <test-method is-config="true" signature="setup(java.lang.String,java.lang.String)[pri:0, instance:testCases.TC002_AccountLoginTest@44e3a2b2]" started-at="2024-12-12T13:12:51 IST" name="setup" finished-at="2024-12-12T13:12:56 IST" duration-ms="5705" status="PASS">
          <params>
            <param index="0">
              <value>
                <![CDATA[Windows]]>
              </value>
            </param>
            <param index="1">
              <value>
                <![CDATA[chrome]]>
              </value>
            </param>
          </params>
          <reporter-output>
          </reporter-output>
        </test-method> <!-- setup -->
        <test-method signature="verify_account_login()[pri:0, instance:testCases.TC002_AccountLoginTest@44e3a2b2]" started-at="2024-12-12T13:12:56 IST" name="verify_account_login" finished-at="2024-12-12T13:12:59 IST" duration-ms="2446" status="PASS">
          <reporter-output>
          </reporter-output>
        </test-method> <!-- verify_account_login -->
        <test-method is-config="true" signature="tearDown()[pri:0, instance:testCases.TC002_AccountLoginTest@44e3a2b2]" started-at="2024-12-12T13:12:59 IST" name="tearDown" finished-at="2024-12-12T13:12:59 IST" duration-ms="302" status="PASS">
          <reporter-output>
          </reporter-output>
        </test-method> <!-- tearDown -->
      </class> <!-- testCases.TC002_AccountLoginTest -->
    </test> <!-- Test -->
  </suite> <!-- Suite -->
</testng-results>
